<?xml version="1.0" encoding="UTF-8"?>
<!-- Generated by org.testng.reporters.JUnitXMLReporter -->
<testsuite ignored="4" hostname="DESKTOP-VFOEG3B" failures="0" tests="4" name="Default test" time="160.691" errors="0" timestamp="2024-11-28T20:34:40 IST">
  <testcase classname="com.saucedemo.saucedmo.LoginTest" name="loginLogoutTest" time="10.671"/>
  <testcase classname="com.saucedemo.saucedmo.LoginTest" name="loginLogoutTest" time="9.89"/>
  <testcase classname="com.saucedemo.saucedmo.LoginTest" name="loginLogoutTest" time="9.368"/>
  <testcase classname="com.saucedemo.saucedmo.LoginTest" name="loginLogoutTest" time="9.758"/>
  <testcase classname="com.saucedemo.saucedmo.LoginTest" name="verifyFinalCheckOutPage" time="0.0">
    <ignored/>
  </testcase> <!-- verifyFinalCheckOutPage -->
  <testcase classname="com.saucedemo.saucedmo.LoginTest" name="verifyCartPageDetails" time="0.0">
    <ignored/>
  </testcase> <!-- verifyCartPageDetails -->
  <testcase classname="com.saucedemo.saucedmo.LoginTest" name="verifyCheckOutPage" time="0.0">
    <ignored/>
  </testcase> <!-- verifyCheckOutPage -->
  <testcase classname="com.saucedemo.saucedmo.LoginTest" name="verifyHomePage" time="0.0">
    <ignored/>
  </testcase> <!-- verifyHomePage -->
</testsuite> <!-- Default test -->
