<?xml version="1.0" encoding="UTF-8"?>
<testng-results ignored="0" total="4" passed="4" failed="0" skipped="0">
  <reporter-output>
  </reporter-output>
  <suite started-at="2024-11-28T20:31:58 IST" name="Default suite" finished-at="2024-11-28T20:34:39 IST" duration-ms="160691">
    <groups>
    </groups>
    <test started-at="2024-11-28T20:31:58 IST" name="Default test" finished-at="2024-11-28T20:34:39 IST" duration-ms="160691">
      <class name="com.saucedemo.saucedmo.LoginTest">
        <test-method is-config="true" signature="setupReport()[pri:0, instance:com.saucedemo.saucedmo.LoginTest@6743e411]" started-at="2024-11-28T20:31:58 IST" name="setupReport" finished-at="2024-11-28T20:32:03 IST" duration-ms="4446" status="PASS">
          <reporter-output>
          </reporter-output>
        </test-method> <!-- setupReport -->
        <test-method is-config="true" signature="setup()[pri:0, instance:com.saucedemo.saucedmo.LoginTest@6743e411]" started-at="2024-11-28T20:32:03 IST" name="setup" finished-at="2024-11-28T20:33:02 IST" duration-ms="59372" status="PASS">
          <reporter-output>
          </reporter-output>
        </test-method> <!-- setup -->
        <test-method signature="loginLogoutTest(java.lang.String,java.lang.String)[pri:1, instance:com.saucedemo.saucedmo.LoginTest@6743e411]" started-at="2024-11-28T20:33:16 IST" name="loginLogoutTest" data-provider="userData" finished-at="2024-11-28T20:33:27 IST" duration-ms="10671" status="PASS">
          <params>
            <param index="0">
              <value>
                <![CDATA[standard_user]]>
              </value>
            </param>
            <param index="1">
              <value>
                <![CDATA[secret_sauce]]>
              </value>
            </param>
          </params>
          <reporter-output>
          </reporter-output>
        </test-method> <!-- loginLogoutTest -->
        <test-method signature="loginLogoutTest(java.lang.String,java.lang.String)[pri:1, instance:com.saucedemo.saucedmo.LoginTest@6743e411]" started-at="2024-11-28T20:33:27 IST" name="loginLogoutTest" data-provider="userData" finished-at="2024-11-28T20:33:37 IST" duration-ms="9890" status="PASS">
          <params>
            <param index="0">
              <value>
                <![CDATA[visual_user]]>
              </value>
            </param>
            <param index="1">
              <value>
                <![CDATA[secret_sauce]]>
              </value>
            </param>
          </params>
          <reporter-output>
          </reporter-output>
        </test-method> <!-- loginLogoutTest -->
        <test-method signature="loginLogoutTest(java.lang.String,java.lang.String)[pri:1, instance:com.saucedemo.saucedmo.LoginTest@6743e411]" started-at="2024-11-28T20:33:37 IST" name="loginLogoutTest" data-provider="userData" finished-at="2024-11-28T20:33:46 IST" duration-ms="9368" status="PASS">
          <params>
            <param index="0">
              <value>
                <![CDATA[problem_user]]>
              </value>
            </param>
            <param index="1">
              <value>
                <![CDATA[secret_sauce]]>
              </value>
            </param>
          </params>
          <reporter-output>
          </reporter-output>
        </test-method> <!-- loginLogoutTest -->
        <test-method signature="loginLogoutTest(java.lang.String,java.lang.String)[pri:1, instance:com.saucedemo.saucedmo.LoginTest@6743e411]" started-at="2024-11-28T20:33:46 IST" name="loginLogoutTest" data-provider="userData" finished-at="2024-11-28T20:33:56 IST" duration-ms="9758" status="PASS">
          <params>
            <param index="0">
              <value>
                <![CDATA[performance_glitch_user]]>
              </value>
            </param>
            <param index="1">
              <value>
                <![CDATA[secret_sauce]]>
              </value>
            </param>
          </params>
          <reporter-output>
          </reporter-output>
        </test-method> <!-- loginLogoutTest -->
        <test-method is-config="true" signature="closeBrowser()[pri:0, instance:com.saucedemo.saucedmo.LoginTest@6743e411]" started-at="2024-11-28T20:33:56 IST" name="closeBrowser" finished-at="2024-11-28T20:34:28 IST" duration-ms="31913" status="PASS">
          <reporter-output>
          </reporter-output>
        </test-method> <!-- closeBrowser -->
        <test-method is-config="true" signature="closeReports()[pri:0, instance:com.saucedemo.saucedmo.LoginTest@6743e411]" started-at="2024-11-28T20:34:28 IST" name="closeReports" finished-at="2024-11-28T20:34:39 IST" duration-ms="10558" status="PASS">
          <reporter-output>
          </reporter-output>
        </test-method> <!-- closeReports -->
      </class> <!-- com.saucedemo.saucedmo.LoginTest -->
    </test> <!-- Default test -->
  </suite> <!-- Default suite -->
</testng-results>
